<?xml version="1.0" encoding="UTF-8"?>
<!-- Generated by org.testng.reporters.JUnitReportReporter -->
<testsuite skipped="0" hostname="DESKTOP-C7C24HP" name="Tests.UserRegisteandLogInOutWorkFlowTest" tests="3" failures="0" timestamp="23 Aug 2019 23:10:33 GMT" time="9.032" errors="0">
  <testcase name="UserLogIn" time="3.000" classname="Tests.UserRegisteandLogInOutWorkFlowTest"/>
  <testcase name="UserLogOut" time="1.328" classname="Tests.UserRegisteandLogInOutWorkFlowTest"/>
  <testcase name="UserRegisteSuc" time="4.704" classname="Tests.UserRegisteandLogInOutWorkFlowTest"/>
</testsuite> <!-- Tests.UserRegisteandLogInOutWorkFlowTest -->
