<?xml version="1.0" encoding="UTF-8"?>
<!-- Generated by org.testng.reporters.JUnitReportReporter -->
<testsuite skipped="0" hostname="DESKTOP-C7C24HP" name="Tests.CUserLogInPageTest" tests="1" failures="0" timestamp="23 Aug 2019 22:08:53 GMT" time="4.672" errors="0">
  <testcase name="UserLogInSuc" time="4.672" classname="Tests.CUserLogInPageTest"/>
</testsuite> <!-- Tests.CUserLogInPageTest -->
