<?xml version="1.0" encoding="UTF-8"?>
<!-- Generated by org.testng.reporters.JUnitReportReporter -->
<testsuite skipped="0" hostname="DESKTOP-C7C24HP" name="Tests.ARegistrationPageTest" tests="1" failures="0" timestamp="23 Aug 2019 12:57:12 GMT" time="5.014" errors="0">
  <testcase name="UserRegisteSuc" time="5.014" classname="Tests.ARegistrationPageTest"/>
</testsuite> <!-- Tests.ARegistrationPageTest -->
