<?xml version="1.0" encoding="UTF-8"?>
<!-- Generated by org.testng.reporters.JUnitReportReporter -->
<testsuite skipped="0" hostname="DESKTOP-C7C24HP" name="Tests.CSearchProductTest" tests="1" failures="0" timestamp="2019-08-25T16:37:27 EET" time="3.168" errors="0">
  <testcase name="UserProductSearch" time="3.168" classname="Tests.CSearchProductTest"/>
</testsuite> <!-- Tests.CSearchProductTest -->
